<?xml version="1.0" encoding="UTF-8"?>
<testsuite xmlns:xsi="http://www.w3.org/2001/XMLSchema-instance" xsi:noNamespaceSchemaLocation="https://maven.apache.org/surefire/maven-surefire-plugin/xsd/surefire-test-report-3.0.xsd" version="3.0" name="com.store.api.storeTest" time="0.14" tests="11" errors="0" skipped="0" failures="0">
  <properties>
    <property name="awt.toolkit" value="sun.lwawt.macosx.LWCToolkit"/>
    <property name="java.specification.version" value="12"/>
    <property name="sun.jnu.encoding" value="UTF-8"/>
    <property name="java.class.path" value="/Users/manuelmerida/coffee-corner/target/test-classes:/Users/manuelmerida/coffee-corner/target/classes:/Users/manuelmerida/.m2/repository/org/junit/jupiter/junit-jupiter-engine/5.5.2/junit-jupiter-engine-5.5.2.jar:/Users/manuelmerida/.m2/repository/org/apiguardian/apiguardian-api/1.1.0/apiguardian-api-1.1.0.jar:/Users/manuelmerida/.m2/repository/org/junit/platform/junit-platform-engine/1.5.2/junit-platform-engine-1.5.2.jar:/Users/manuelmerida/.m2/repository/org/opentest4j/opentest4j/1.2.0/opentest4j-1.2.0.jar:/Users/manuelmerida/.m2/repository/org/junit/platform/junit-platform-commons/1.5.2/junit-platform-commons-1.5.2.jar:/Users/manuelmerida/.m2/repository/org/junit/jupiter/junit-jupiter-api/5.5.2/junit-jupiter-api-5.5.2.jar:"/>
    <property name="java.vm.vendor" value="Oracle Corporation"/>
    <property name="sun.arch.data.model" value="64"/>
    <property name="java.vendor.url" value="https://java.oracle.com/"/>
    <property name="os.name" value="Mac OS X"/>
    <property name="java.vm.specification.version" value="12"/>
    <property name="sun.java.launcher" value="SUN_STANDARD"/>
    <property name="user.country" value="ES"/>
    <property name="sun.boot.library.path" value="/Users/manuelmerida/.sdkman/candidates/java/12.0.2-open/lib"/>
    <property name="sun.java.command" value="/Users/manuelmerida/coffee-corner/target/surefire/surefirebooter8497793398747831141.jar /Users/manuelmerida/coffee-corner/target/surefire 2020-11-18T15-35-45_027-jvmRun1 surefire9931534315526936212tmp surefire_011086213219726426806tmp"/>
    <property name="http.nonProxyHosts" value="local|*.local|169.254/16|*.169.254/16"/>
    <property name="jdk.debug" value="release"/>
    <property name="surefire.test.class.path" value="/Users/manuelmerida/coffee-corner/target/test-classes:/Users/manuelmerida/coffee-corner/target/classes:/Users/manuelmerida/.m2/repository/org/junit/jupiter/junit-jupiter-engine/5.5.2/junit-jupiter-engine-5.5.2.jar:/Users/manuelmerida/.m2/repository/org/apiguardian/apiguardian-api/1.1.0/apiguardian-api-1.1.0.jar:/Users/manuelmerida/.m2/repository/org/junit/platform/junit-platform-engine/1.5.2/junit-platform-engine-1.5.2.jar:/Users/manuelmerida/.m2/repository/org/opentest4j/opentest4j/1.2.0/opentest4j-1.2.0.jar:/Users/manuelmerida/.m2/repository/org/junit/platform/junit-platform-commons/1.5.2/junit-platform-commons-1.5.2.jar:/Users/manuelmerida/.m2/repository/org/junit/jupiter/junit-jupiter-api/5.5.2/junit-jupiter-api-5.5.2.jar:"/>
    <property name="sun.cpu.endian" value="little"/>
    <property name="user.home" value="/Users/manuelmerida"/>
    <property name="user.language" value="es"/>
    <property name="java.specification.vendor" value="Oracle Corporation"/>
    <property name="java.version.date" value="2019-07-16"/>
    <property name="java.home" value="/Users/manuelmerida/.sdkman/candidates/java/12.0.2-open"/>
    <property name="file.separator" value="/"/>
    <property name="basedir" value="/Users/manuelmerida/coffee-corner"/>
    <property name="java.vm.compressedOopsMode" value="Zero based"/>
    <property name="line.separator" value="&#10;"/>
    <property name="java.specification.name" value="Java Platform API Specification"/>
    <property name="java.vm.specification.vendor" value="Oracle Corporation"/>
    <property name="java.awt.graphicsenv" value="sun.awt.CGraphicsEnvironment"/>
    <property name="surefire.real.class.path" value="/Users/manuelmerida/coffee-corner/target/surefire/surefirebooter8497793398747831141.jar"/>
    <property name="sun.management.compiler" value="HotSpot 64-Bit Tiered Compilers"/>
    <property name="ftp.nonProxyHosts" value="local|*.local|169.254/16|*.169.254/16"/>
    <property name="java.runtime.version" value="12.0.2+10"/>
    <property name="user.name" value="manuelmerida"/>
    <property name="path.separator" value=":"/>
    <property name="os.version" value="10.15.7"/>
    <property name="java.runtime.name" value="OpenJDK Runtime Environment"/>
    <property name="file.encoding" value="UTF-8"/>
    <property name="java.vm.name" value="OpenJDK 64-Bit Server VM"/>
    <property name="localRepository" value="/Users/manuelmerida/.m2/repository"/>
    <property name="java.vendor.url.bug" value="https://bugreport.java.com/bugreport/"/>
    <property name="java.io.tmpdir" value="/var/folders/ms/2cvgr03x5mg0v9bw840pjryc0000gn/T/"/>
    <property name="java.version" value="12.0.2"/>
    <property name="user.dir" value="/Users/manuelmerida/coffee-corner"/>
    <property name="os.arch" value="x86_64"/>
    <property name="java.vm.specification.name" value="Java Virtual Machine Specification"/>
    <property name="java.library.path" value="/Users/manuelmerida/Library/Java/Extensions:/Library/Java/Extensions:/Network/Library/Java/Extensions:/System/Library/Java/Extensions:/usr/lib/java:."/>
    <property name="java.vm.info" value="mixed mode, sharing"/>
    <property name="java.vendor" value="Oracle Corporation"/>
    <property name="java.vm.version" value="12.0.2+10"/>
    <property name="sun.io.unicode.encoding" value="UnicodeBig"/>
    <property name="socksNonProxyHosts" value="local|*.local|169.254/16|*.169.254/16"/>
    <property name="java.class.version" value="56.0"/>
  </properties>
  <testcase name="placeOrderProvidedCaseWithNoTaxes" classname="com.store.api.storeTest" time="0.051"/>
  <testcase name="placeOrderProvidedCase" classname="com.store.api.storeTest" time="0.02"/>
  <testcase name="placeOrderAndPrintTicket" classname="com.store.api.storeTest" time="0.014"/>
  <testcase name="placeOrderProvidedCase0" classname="com.store.api.storeTest" time="0.001"/>
  <testcase name="placeOrderProvidedCase1" classname="com.store.api.storeTest" time="0.005"/>
  <testcase name="placeOrderProvidedCase2" classname="com.store.api.storeTest" time="0.006"/>
  <testcase name="placeOrderProvidedCase4" classname="com.store.api.storeTest" time="0.008"/>
  <testcase name="placeOrderProvidedCase5" classname="com.store.api.storeTest" time="0.01"/>
  <testcase name="placeOrderProvidedCase6" classname="com.store.api.storeTest" time="0.003"/>
  <testcase name="placeOrderProvidedCase7" classname="com.store.api.storeTest" time="0.002"/>
  <testcase name="placeOrderProvidedCase8" classname="com.store.api.storeTest" time="0.004"/>
</testsuite>